<?xml version="1.0" encoding="UTF-8"?>
<!-- Generated by org.testng.reporters.JUnitXMLReporter -->
<testsuite hostname="ip-172-31-28-246" name="Command line test" tests="14" failures="8" timestamp="24 Feb 2017 03:27:56 GMT" time="0.042" errors="0">
  <testcase name="testStep1BFLogin" time="0.003" classname="EndToEnd.BFUIJobsExcnVldtnTest">
    <skipped/>
  </testcase> <!-- testStep1BFLogin -->
  <testcase name="testStep2BFUIImagerySubmit" time="0.007" classname="EndToEnd.BFUIJobsExcnVldtnTest">
    <failure type="java.lang.NullPointerException">
      <![CDATA[java.lang.NullPointerException
	at EndToEnd.BFUIJobsExcnVldtnTest.testStep2BFUIImagerySubmit(BFUIJobsExcnVldtnTest.java:194)
	at org.apache.maven.surefire.testng.TestNGExecutor.run(TestNGExecutor.java:70)
	at org.apache.maven.surefire.testng.TestNGDirectoryTestSuite.executeMulti(TestNGDirectoryTestSuite.java:158)
	at org.apache.maven.surefire.testng.TestNGDirectoryTestSuite.execute(TestNGDirectoryTestSuite.java:98)
	at org.apache.maven.surefire.testng.TestNGProvider.invoke(TestNGProvider.java:111)
	at org.apache.maven.surefire.util.ReflectionUtils.invokeMethodWithArray(ReflectionUtils.java:164)
	at org.apache.maven.surefire.booter.ProviderFactory$ProviderProxy.invoke(ProviderFactory.java:110)
	at org.apache.maven.surefire.booter.SurefireStarter.invokeProvider(SurefireStarter.java:175)
	at org.apache.maven.surefire.booter.SurefireStarter.runSuitesInProcessWhenForked(SurefireStarter.java:107)
	at org.apache.maven.surefire.booter.ForkedBooter.main(ForkedBooter.java:68)
... Removed 25 stack frames]]>
    </failure>
  </testcase> <!-- testStep2BFUIImagerySubmit -->
  <testcase name="testStep3BFSIResponsePopup" time="0.0" classname="EndToEnd.BFUIJobsExcnVldtnTest">
    <skipped/>
  </testcase> <!-- testStep3BFSIResponsePopup -->
  <testcase name="testStep4BFSIRespPropsVldtn" time="0.001" classname="EndToEnd.BFUIJobsExcnVldtnTest">
    <failure type="java.lang.NullPointerException">
      <![CDATA[java.lang.NullPointerException
	at EndToEnd.BFUIJobsExcnVldtnTest.testStep4BFSIRespPropsVldtn(BFUIJobsExcnVldtnTest.java:290)
	at org.apache.maven.surefire.testng.TestNGExecutor.run(TestNGExecutor.java:70)
	at org.apache.maven.surefire.testng.TestNGDirectoryTestSuite.executeMulti(TestNGDirectoryTestSuite.java:158)
	at org.apache.maven.surefire.testng.TestNGDirectoryTestSuite.execute(TestNGDirectoryTestSuite.java:98)
	at org.apache.maven.surefire.testng.TestNGProvider.invoke(TestNGProvider.java:111)
	at org.apache.maven.surefire.util.ReflectionUtils.invokeMethodWithArray(ReflectionUtils.java:164)
	at org.apache.maven.surefire.booter.ProviderFactory$ProviderProxy.invoke(ProviderFactory.java:110)
	at org.apache.maven.surefire.booter.SurefireStarter.invokeProvider(SurefireStarter.java:175)
	at org.apache.maven.surefire.booter.SurefireStarter.runSuitesInProcessWhenForked(SurefireStarter.java:107)
	at org.apache.maven.surefire.booter.ForkedBooter.main(ForkedBooter.java:68)
... Removed 25 stack frames]]>
    </failure>
  </testcase> <!-- testStep4BFSIRespPropsVldtn -->
  <testcase name="testStep5RespImageLink" time="0.0" classname="EndToEnd.BFUIJobsExcnVldtnTest"/>
  <testcase name="testStep6BFRunAlgoVldtn" time="0.0" classname="EndToEnd.BFUIJobsExcnVldtnTest">
    <failure type="java.lang.NullPointerException">
      <![CDATA[java.lang.NullPointerException
	at EndToEnd.BFUIJobsExcnVldtnTest.testStep6BFRunAlgoVldtn(BFUIJobsExcnVldtnTest.java:350)
	at org.apache.maven.surefire.testng.TestNGExecutor.run(TestNGExecutor.java:70)
	at org.apache.maven.surefire.testng.TestNGDirectoryTestSuite.executeMulti(TestNGDirectoryTestSuite.java:158)
	at org.apache.maven.surefire.testng.TestNGDirectoryTestSuite.execute(TestNGDirectoryTestSuite.java:98)
	at org.apache.maven.surefire.testng.TestNGProvider.invoke(TestNGProvider.java:111)
	at org.apache.maven.surefire.util.ReflectionUtils.invokeMethodWithArray(ReflectionUtils.java:164)
	at org.apache.maven.surefire.booter.ProviderFactory$ProviderProxy.invoke(ProviderFactory.java:110)
	at org.apache.maven.surefire.booter.SurefireStarter.invokeProvider(SurefireStarter.java:175)
	at org.apache.maven.surefire.booter.SurefireStarter.runSuitesInProcessWhenForked(SurefireStarter.java:107)
	at org.apache.maven.surefire.booter.ForkedBooter.main(ForkedBooter.java:68)
... Removed 25 stack frames]]>
    </failure>
  </testcase> <!-- testStep6BFRunAlgoVldtn -->
  <testcase name="testStep7JobsExcnVldtn" time="0.0" classname="EndToEnd.BFUIJobsExcnVldtnTest">
    <failure type="java.lang.NullPointerException">
      <![CDATA[java.lang.NullPointerException
	at EndToEnd.BFUIJobsExcnVldtnTest.testStep7JobsExcnVldtn(BFUIJobsExcnVldtnTest.java:390)
	at org.apache.maven.surefire.testng.TestNGExecutor.run(TestNGExecutor.java:70)
	at org.apache.maven.surefire.testng.TestNGDirectoryTestSuite.executeMulti(TestNGDirectoryTestSuite.java:158)
	at org.apache.maven.surefire.testng.TestNGDirectoryTestSuite.execute(TestNGDirectoryTestSuite.java:98)
	at org.apache.maven.surefire.testng.TestNGProvider.invoke(TestNGProvider.java:111)
	at org.apache.maven.surefire.util.ReflectionUtils.invokeMethodWithArray(ReflectionUtils.java:164)
	at org.apache.maven.surefire.booter.ProviderFactory$ProviderProxy.invoke(ProviderFactory.java:110)
	at org.apache.maven.surefire.booter.SurefireStarter.invokeProvider(SurefireStarter.java:175)
	at org.apache.maven.surefire.booter.SurefireStarter.runSuitesInProcessWhenForked(SurefireStarter.java:107)
	at org.apache.maven.surefire.booter.ForkedBooter.main(ForkedBooter.java:68)
... Removed 25 stack frames]]>
    </failure>
  </testcase> <!-- testStep7JobsExcnVldtn -->
  <testcase name="testStep1BFLogin" time="0.001" classname="TenConcurrentUser.BFUIJobsExcnVldtnTest">
    <skipped/>
  </testcase> <!-- testStep1BFLogin -->
  <testcase name="testStep2BFUIImagerySubmit" time="0.003" classname="TenConcurrentUser.BFUIJobsExcnVldtnTest">
    <failure type="java.lang.NullPointerException">
      <![CDATA[java.lang.NullPointerException
	at TenConcurrentUser.BFUIJobsExcnVldtnTest.testStep2BFUIImagerySubmit(BFUIJobsExcnVldtnTest.java:183)
	at org.apache.maven.surefire.testng.TestNGExecutor.run(TestNGExecutor.java:70)
	at org.apache.maven.surefire.testng.TestNGDirectoryTestSuite.executeMulti(TestNGDirectoryTestSuite.java:158)
	at org.apache.maven.surefire.testng.TestNGDirectoryTestSuite.execute(TestNGDirectoryTestSuite.java:98)
	at org.apache.maven.surefire.testng.TestNGProvider.invoke(TestNGProvider.java:111)
	at org.apache.maven.surefire.util.ReflectionUtils.invokeMethodWithArray(ReflectionUtils.java:164)
	at org.apache.maven.surefire.booter.ProviderFactory$ProviderProxy.invoke(ProviderFactory.java:110)
	at org.apache.maven.surefire.booter.SurefireStarter.invokeProvider(SurefireStarter.java:175)
	at org.apache.maven.surefire.booter.SurefireStarter.runSuitesInProcessWhenForked(SurefireStarter.java:107)
	at org.apache.maven.surefire.booter.ForkedBooter.main(ForkedBooter.java:68)
... Removed 25 stack frames]]>
    </failure>
  </testcase> <!-- testStep2BFUIImagerySubmit -->
  <testcase name="testStep3BFSIResponsePopup" time="0.0" classname="TenConcurrentUser.BFUIJobsExcnVldtnTest">
    <skipped/>
  </testcase> <!-- testStep3BFSIResponsePopup -->
  <testcase name="testStep4BFSIRespPropsVldtn" time="0.0" classname="TenConcurrentUser.BFUIJobsExcnVldtnTest">
    <failure type="java.lang.NullPointerException">
      <![CDATA[java.lang.NullPointerException
	at TenConcurrentUser.BFUIJobsExcnVldtnTest.testStep4BFSIRespPropsVldtn(BFUIJobsExcnVldtnTest.java:273)
	at org.apache.maven.surefire.testng.TestNGExecutor.run(TestNGExecutor.java:70)
	at org.apache.maven.surefire.testng.TestNGDirectoryTestSuite.executeMulti(TestNGDirectoryTestSuite.java:158)
	at org.apache.maven.surefire.testng.TestNGDirectoryTestSuite.execute(TestNGDirectoryTestSuite.java:98)
	at org.apache.maven.surefire.testng.TestNGProvider.invoke(TestNGProvider.java:111)
	at org.apache.maven.surefire.util.ReflectionUtils.invokeMethodWithArray(ReflectionUtils.java:164)
	at org.apache.maven.surefire.booter.ProviderFactory$ProviderProxy.invoke(ProviderFactory.java:110)
	at org.apache.maven.surefire.booter.SurefireStarter.invokeProvider(SurefireStarter.java:175)
	at org.apache.maven.surefire.booter.SurefireStarter.runSuitesInProcessWhenForked(SurefireStarter.java:107)
	at org.apache.maven.surefire.booter.ForkedBooter.main(ForkedBooter.java:68)
... Removed 25 stack frames]]>
    </failure>
  </testcase> <!-- testStep4BFSIRespPropsVldtn -->
  <testcase name="testStep5RespImageLink" time="0.0" classname="TenConcurrentUser.BFUIJobsExcnVldtnTest"/>
  <testcase name="testStep6BFRunAlgoVldtn" time="0.0" classname="TenConcurrentUser.BFUIJobsExcnVldtnTest">
    <failure type="java.lang.NullPointerException">
      <![CDATA[java.lang.NullPointerException
	at TenConcurrentUser.BFUIJobsExcnVldtnTest.testStep6BFRunAlgoVldtn(BFUIJobsExcnVldtnTest.java:328)
	at org.apache.maven.surefire.testng.TestNGExecutor.run(TestNGExecutor.java:70)
	at org.apache.maven.surefire.testng.TestNGDirectoryTestSuite.executeMulti(TestNGDirectoryTestSuite.java:158)
	at org.apache.maven.surefire.testng.TestNGDirectoryTestSuite.execute(TestNGDirectoryTestSuite.java:98)
	at org.apache.maven.surefire.testng.TestNGProvider.invoke(TestNGProvider.java:111)
	at org.apache.maven.surefire.util.ReflectionUtils.invokeMethodWithArray(ReflectionUtils.java:164)
	at org.apache.maven.surefire.booter.ProviderFactory$ProviderProxy.invoke(ProviderFactory.java:110)
	at org.apache.maven.surefire.booter.SurefireStarter.invokeProvider(SurefireStarter.java:175)
	at org.apache.maven.surefire.booter.SurefireStarter.runSuitesInProcessWhenForked(SurefireStarter.java:107)
	at org.apache.maven.surefire.booter.ForkedBooter.main(ForkedBooter.java:68)
... Removed 25 stack frames]]>
    </failure>
  </testcase> <!-- testStep6BFRunAlgoVldtn -->
  <testcase name="testStep7JobsExcnVldtn" time="0.0" classname="TenConcurrentUser.BFUIJobsExcnVldtnTest">
    <failure type="java.lang.NullPointerException">
      <![CDATA[java.lang.NullPointerException
	at TenConcurrentUser.BFUIJobsExcnVldtnTest.testStep7JobsExcnVldtn(BFUIJobsExcnVldtnTest.java:368)
	at org.apache.maven.surefire.testng.TestNGExecutor.run(TestNGExecutor.java:70)
	at org.apache.maven.surefire.testng.TestNGDirectoryTestSuite.executeMulti(TestNGDirectoryTestSuite.java:158)
	at org.apache.maven.surefire.testng.TestNGDirectoryTestSuite.execute(TestNGDirectoryTestSuite.java:98)
	at org.apache.maven.surefire.testng.TestNGProvider.invoke(TestNGProvider.java:111)
	at org.apache.maven.surefire.util.ReflectionUtils.invokeMethodWithArray(ReflectionUtils.java:164)
	at org.apache.maven.surefire.booter.ProviderFactory$ProviderProxy.invoke(ProviderFactory.java:110)
	at org.apache.maven.surefire.booter.SurefireStarter.invokeProvider(SurefireStarter.java:175)
	at org.apache.maven.surefire.booter.SurefireStarter.runSuitesInProcessWhenForked(SurefireStarter.java:107)
	at org.apache.maven.surefire.booter.ForkedBooter.main(ForkedBooter.java:68)
... Removed 25 stack frames]]>
    </failure>
  </testcase> <!-- testStep7JobsExcnVldtn -->
</testsuite> <!-- Command line test -->
