<?xml version="1.0" encoding="UTF-8" ?>
<testsuite tests="14" failures="8" name="TestSuite" time="0.407" errors="0" skipped="4">
  <properties>
[...]
</properties>
  <testcase classname="EndToEnd.BFUIJobsExcnVldtnTest" name="testStep1BFLogin" time="0">
    <skipped/>
  </testcase>
  <testcase classname="EndToEnd.BFUIJobsExcnVldtnTest" name="testStep2BFUIImagerySubmit" time="0.009">
    <failure type="java.lang.NullPointerException">java.lang.NullPointerException
	at EndToEnd.BFUIJobsExcnVldtnTest.testStep2BFUIImagerySubmit(BFUIJobsExcnVldtnTest.java:194)
</failure>
    <system-out>&gt;&gt;&gt;&gt; In BFUIJobsExcnVldtn.testStep2BFUIImagerySubmit() &lt;&lt;&lt;&lt;
</system-out>
  </testcase>
  <testcase classname="EndToEnd.BFUIJobsExcnVldtnTest" name="testStep3BFSIResponsePopup" time="0.009">
    <skipped/>
  </testcase>
  <testcase classname="EndToEnd.BFUIJobsExcnVldtnTest" name="testStep4BFSIRespPropsVldtn" time="0.001">
    <failure type="java.lang.NullPointerException">java.lang.NullPointerException
	at EndToEnd.BFUIJobsExcnVldtnTest.testStep4BFSIRespPropsVldtn(BFUIJobsExcnVldtnTest.java:290)
</failure>
    <system-out>&gt;&gt;&gt;&gt; In BFUIJobsExcnVldtn.testStep4BFSIRespPropsVldtn() &lt;&lt;&lt;&lt;
</system-out>
  </testcase>
  <testcase classname="EndToEnd.BFUIJobsExcnVldtnTest" name="testStep5RespImageLink" time="0"/>
  <testcase classname="EndToEnd.BFUIJobsExcnVldtnTest" name="testStep6BFRunAlgoVldtn" time="0">
    <failure type="java.lang.NullPointerException">java.lang.NullPointerException
	at EndToEnd.BFUIJobsExcnVldtnTest.testStep6BFRunAlgoVldtn(BFUIJobsExcnVldtnTest.java:350)
</failure>
    <system-out>&gt;&gt;&gt;&gt; In BFUIJobsExcnVldtn.testStep6BFRunAlgoVldtn() &lt;&lt;&lt;&lt;
</system-out>
  </testcase>
  <testcase classname="EndToEnd.BFUIJobsExcnVldtnTest" name="testStep7JobsExcnVldtn" time="0">
    <failure type="java.lang.NullPointerException">java.lang.NullPointerException
	at EndToEnd.BFUIJobsExcnVldtnTest.testStep7JobsExcnVldtn(BFUIJobsExcnVldtnTest.java:390)
</failure>
    <system-out>&gt;&gt;&gt;&gt; In BFUIJobsExcnVldtn.testStep7JobsExcnVldtn() &lt;&lt;&lt;&lt;
</system-out>
  </testcase>
  <testcase classname="TenConcurrentUser.BFUIJobsExcnVldtnTest" name="testStep1BFLogin" time="0.001">
    <skipped/>
  </testcase>
  <testcase classname="TenConcurrentUser.BFUIJobsExcnVldtnTest" name="testStep2BFUIImagerySubmit" time="0.004">
    <failure type="java.lang.NullPointerException">java.lang.NullPointerException
	at TenConcurrentUser.BFUIJobsExcnVldtnTest.testStep2BFUIImagerySubmit(BFUIJobsExcnVldtnTest.java:183)
</failure>
    <system-out>&gt;&gt;&gt;&gt; In BFUIJobsExcnVldtn.testStep2BFUIImagerySubmit() &lt;&lt;&lt;&lt;
</system-out>
  </testcase>
  <testcase classname="TenConcurrentUser.BFUIJobsExcnVldtnTest" name="testStep3BFSIResponsePopup" time="0.004">
    <skipped/>
  </testcase>
  <testcase classname="TenConcurrentUser.BFUIJobsExcnVldtnTest" name="testStep4BFSIRespPropsVldtn" time="0.001">
    <failure type="java.lang.NullPointerException">java.lang.NullPointerException
	at TenConcurrentUser.BFUIJobsExcnVldtnTest.testStep4BFSIRespPropsVldtn(BFUIJobsExcnVldtnTest.java:273)
</failure>
    <system-out>&gt;&gt;&gt;&gt; In BFUIJobsExcnVldtn.testStep4BFSIRespPropsVldtn() &lt;&lt;&lt;&lt;
</system-out>
  </testcase>
  <testcase classname="TenConcurrentUser.BFUIJobsExcnVldtnTest" name="testStep5RespImageLink" time="0"/>
  <testcase classname="TenConcurrentUser.BFUIJobsExcnVldtnTest" name="testStep6BFRunAlgoVldtn" time="0.001">
    <failure type="java.lang.NullPointerException">java.lang.NullPointerException
	at TenConcurrentUser.BFUIJobsExcnVldtnTest.testStep6BFRunAlgoVldtn(BFUIJobsExcnVldtnTest.java:328)
</failure>
    <system-out>&gt;&gt;&gt;&gt; In BFUIJobsExcnVldtn.testStep6BFRunAlgoVldtn() &lt;&lt;&lt;&lt;
</system-out>
  </testcase>
  <testcase classname="TenConcurrentUser.BFUIJobsExcnVldtnTest" name="testStep7JobsExcnVldtn" time="0.001">
    <failure type="java.lang.NullPointerException">java.lang.NullPointerException
	at TenConcurrentUser.BFUIJobsExcnVldtnTest.testStep7JobsExcnVldtn(BFUIJobsExcnVldtnTest.java:368)
</failure>
    <system-out>&gt;&gt;&gt;&gt; In BFUIJobsExcnVldtn.testStep7JobsExcnVldtn() &lt;&lt;&lt;&lt;
</system-out>
  </testcase>
</testsuite>