-------------------------------------------------------------------------------
Test set: TestSuite
-------------------------------------------------------------------------------
Tests run: 14, Failures: 8, Errors: 0, Skipped: 4, Time elapsed: 0.406 sec <<< FAILURE!
testStep2BFUIImagerySubmit(EndToEnd.BFUIJobsExcnVldtnTest)  Time elapsed: 0.009 sec  <<< FAILURE!
java.lang.NullPointerException
	at EndToEnd.BFUIJobsExcnVldtnTest.testStep2BFUIImagerySubmit(BFUIJobsExcnVldtnTest.java:194)
testStep4BFSIRespPropsVldtn(EndToEnd.BFUIJobsExcnVldtnTest)  Time elapsed: 0.001 sec  <<< FAILURE!
java.lang.NullPointerException
	at EndToEnd.BFUIJobsExcnVldtnTest.testStep4BFSIRespPropsVldtn(BFUIJobsExcnVldtnTest.java:290)
testStep6BFRunAlgoVldtn(EndToEnd.BFUIJobsExcnVldtnTest)  Time elapsed: 0 sec  <<< FAILURE!
java.lang.NullPointerException
	at EndToEnd.BFUIJobsExcnVldtnTest.testStep6BFRunAlgoVldtn(BFUIJobsExcnVldtnTest.java:350)
testStep7JobsExcnVldtn(EndToEnd.BFUIJobsExcnVldtnTest)  Time elapsed: 0 sec  <<< FAILURE!
java.lang.NullPointerException
	at EndToEnd.BFUIJobsExcnVldtnTest.testStep7JobsExcnVldtn(BFUIJobsExcnVldtnTest.java:390)
testStep2BFUIImagerySubmit(TenConcurrentUser.BFUIJobsExcnVldtnTest)  Time elapsed: 0.004 sec  <<< FAILURE!
java.lang.NullPointerException
	at TenConcurrentUser.BFUIJobsExcnVldtnTest.testStep2BFUIImagerySubmit(BFUIJobsExcnVldtnTest.java:183)
testStep4BFSIRespPropsVldtn(TenConcurrentUser.BFUIJobsExcnVldtnTest)  Time elapsed: 0.001 sec  <<< FAILURE!
java.lang.NullPointerException
	at TenConcurrentUser.BFUIJobsExcnVldtnTest.testStep4BFSIRespPropsVldtn(BFUIJobsExcnVldtnTest.java:273)
testStep6BFRunAlgoVldtn(TenConcurrentUser.BFUIJobsExcnVldtnTest)  Time elapsed: 0.001 sec  <<< FAILURE!
java.lang.NullPointerException
	at TenConcurrentUser.BFUIJobsExcnVldtnTest.testStep6BFRunAlgoVldtn(BFUIJobsExcnVldtnTest.java:328)
testStep7JobsExcnVldtn(TenConcurrentUser.BFUIJobsExcnVldtnTest)  Time elapsed: 0.001 sec  <<< FAILURE!
java.lang.NullPointerException
	at TenConcurrentUser.BFUIJobsExcnVldtnTest.testStep7JobsExcnVldtn(BFUIJobsExcnVldtnTest.java:368)
